[0.010s] Invoking command in '/home/nagendra/robotdog_ws/build/dog3_description': CMAKE_PREFIX_PATH=${CMAKE_PREFIX_PATH}:/opt/ros/jazzy DEBUGINFOD_URLS=https://debuginfod.ubuntu.com /usr/bin/cmake /home/nagendra/robotdog_ws/src/dog3_description -DCMAKE_INSTALL_PREFIX=/home/nagendra/robotdog_ws/install/dog3_description
[0.049s] -- The C compiler identification is GNU 13.3.0
[0.091s] -- The CXX compiler identification is GNU 13.3.0
[0.103s] -- Detecting C compiler ABI info
[0.166s] -- Detecting C compiler ABI info - done
[0.173s] -- Check for working C compiler: /usr/bin/cc - skipped
[0.173s] -- Detecting C compile features
[0.173s] -- Detecting C compile features - done
[0.180s] -- Detecting CXX compiler ABI info
[0.253s] -- Detecting CXX compiler ABI info - done
[0.260s] -- Check for working CXX compiler: /usr/bin/c++ - skipped
[0.260s] -- Detecting CXX compile features
[0.261s] -- Detecting CXX compile features - done
[0.264s] -- Found ament_cmake: 2.5.4 (/opt/ros/jazzy/share/ament_cmake/cmake)
[0.379s] -- Found Python3: /usr/bin/python3 (found version "3.12.3") found components: Interpreter 
[0.544s] -- Configuring done (0.5s)
[0.546s] -- Generating done (0.0s)
[0.548s] -- Build files have been written to: /home/nagendra/robotdog_ws/build/dog3_description
[0.552s] Invoked command in '/home/nagendra/robotdog_ws/build/dog3_description' returned '0': CMAKE_PREFIX_PATH=${CMAKE_PREFIX_PATH}:/opt/ros/jazzy DEBUGINFOD_URLS=https://debuginfod.ubuntu.com /usr/bin/cmake /home/nagendra/robotdog_ws/src/dog3_description -DCMAKE_INSTALL_PREFIX=/home/nagendra/robotdog_ws/install/dog3_description
[0.552s] Invoking command in '/home/nagendra/robotdog_ws/build/dog3_description': CMAKE_PREFIX_PATH=${CMAKE_PREFIX_PATH}:/opt/ros/jazzy DEBUGINFOD_URLS=https://debuginfod.ubuntu.com /usr/bin/cmake --build /home/nagendra/robotdog_ws/build/dog3_description -- -j12 -l12
[0.582s] Invoked command in '/home/nagendra/robotdog_ws/build/dog3_description' returned '0': CMAKE_PREFIX_PATH=${CMAKE_PREFIX_PATH}:/opt/ros/jazzy DEBUGINFOD_URLS=https://debuginfod.ubuntu.com /usr/bin/cmake --build /home/nagendra/robotdog_ws/build/dog3_description -- -j12 -l12
[0.591s] Invoking command in '/home/nagendra/robotdog_ws/build/dog3_description': CMAKE_PREFIX_PATH=${CMAKE_PREFIX_PATH}:/opt/ros/jazzy DEBUGINFOD_URLS=https://debuginfod.ubuntu.com /usr/bin/cmake --install /home/nagendra/robotdog_ws/build/dog3_description
[0.597s] -- Install configuration: ""
[0.597s] -- Installing: /home/nagendra/robotdog_ws/install/dog3_description/share/dog3_description/urdf
[0.597s] -- Installing: /home/nagendra/robotdog_ws/install/dog3_description/share/dog3_description/urdf/dog3.trans
[0.597s] -- Installing: /home/nagendra/robotdog_ws/install/dog3_description/share/dog3_description/urdf/materials.xacro
[0.597s] -- Installing: /home/nagendra/robotdog_ws/install/dog3_description/share/dog3_description/urdf/dog3.gazebo
[0.598s] -- Installing: /home/nagendra/robotdog_ws/install/dog3_description/share/dog3_description/urdf/dog3.xacro
[0.598s] -- Installing: /home/nagendra/robotdog_ws/install/dog3_description/share/dog3_description/meshes
[0.598s] -- Installing: /home/nagendra/robotdog_ws/install/dog3_description/share/dog3_description/meshes/camera_1.stl
[0.598s] -- Installing: /home/nagendra/robotdog_ws/install/dog3_description/share/dog3_description/meshes/rareleft_leg1_1.stl
[0.598s] -- Installing: /home/nagendra/robotdog_ws/install/dog3_description/share/dog3_description/meshes/frontright_leg1_1.stl
[0.598s] -- Installing: /home/nagendra/robotdog_ws/install/dog3_description/share/dog3_description/meshes/base_link.stl
[0.598s] -- Installing: /home/nagendra/robotdog_ws/install/dog3_description/share/dog3_description/meshes/rareright_leg2_1.stl
[0.598s] -- Installing: /home/nagendra/robotdog_ws/install/dog3_description/share/dog3_description/meshes/rareleft_leg2_1.stl
[0.598s] -- Installing: /home/nagendra/robotdog_ws/install/dog3_description/share/dog3_description/meshes/frontleft_leg2_1.stl
[0.598s] -- Installing: /home/nagendra/robotdog_ws/install/dog3_description/share/dog3_description/meshes/frontright_leg2_1.stl
[0.598s] -- Installing: /home/nagendra/robotdog_ws/install/dog3_description/share/dog3_description/meshes/rareright_leg1_1.stl
[0.598s] -- Installing: /home/nagendra/robotdog_ws/install/dog3_description/share/dog3_description/meshes/frontleft_leg1_1.stl
[0.598s] -- Installing: /home/nagendra/robotdog_ws/install/dog3_description/share/dog3_description/launch
[0.598s] -- Installing: /home/nagendra/robotdog_ws/install/dog3_description/share/dog3_description/launch/spawn_robot.launch.py
[0.598s] -- Installing: /home/nagendra/robotdog_ws/install/dog3_description/share/dog3_description/launch/controller.launch
[0.598s] -- Installing: /home/nagendra/robotdog_ws/install/dog3_description/share/dog3_description/launch/controller.yaml
[0.598s] -- Installing: /home/nagendra/robotdog_ws/install/dog3_description/share/dog3_description/launch/urdf.rviz
[0.598s] -- Installing: /home/nagendra/robotdog_ws/install/dog3_description/share/dog3_description/launch/gazebo.launch
[0.599s] -- Installing: /home/nagendra/robotdog_ws/install/dog3_description/share/dog3_description/launch/display.launch
[0.599s] -- Installing: /home/nagendra/robotdog_ws/install/dog3_description/share/ament_index/resource_index/package_run_dependencies/dog3_description
[0.599s] -- Installing: /home/nagendra/robotdog_ws/install/dog3_description/share/ament_index/resource_index/parent_prefix_path/dog3_description
[0.599s] -- Installing: /home/nagendra/robotdog_ws/install/dog3_description/share/dog3_description/environment/ament_prefix_path.sh
[0.599s] -- Installing: /home/nagendra/robotdog_ws/install/dog3_description/share/dog3_description/environment/ament_prefix_path.dsv
[0.599s] -- Installing: /home/nagendra/robotdog_ws/install/dog3_description/share/dog3_description/environment/path.sh
[0.599s] -- Installing: /home/nagendra/robotdog_ws/install/dog3_description/share/dog3_description/environment/path.dsv
[0.599s] -- Installing: /home/nagendra/robotdog_ws/install/dog3_description/share/dog3_description/local_setup.bash
[0.599s] -- Installing: /home/nagendra/robotdog_ws/install/dog3_description/share/dog3_description/local_setup.sh
[0.599s] -- Installing: /home/nagendra/robotdog_ws/install/dog3_description/share/dog3_description/local_setup.zsh
[0.599s] -- Installing: /home/nagendra/robotdog_ws/install/dog3_description/share/dog3_description/local_setup.dsv
[0.599s] -- Installing: /home/nagendra/robotdog_ws/install/dog3_description/share/dog3_description/package.dsv
[0.599s] -- Installing: /home/nagendra/robotdog_ws/install/dog3_description/share/ament_index/resource_index/packages/dog3_description
[0.599s] -- Installing: /home/nagendra/robotdog_ws/install/dog3_description/share/dog3_description/cmake/dog3_descriptionConfig.cmake
[0.599s] -- Installing: /home/nagendra/robotdog_ws/install/dog3_description/share/dog3_description/cmake/dog3_descriptionConfig-version.cmake
[0.600s] -- Installing: /home/nagendra/robotdog_ws/install/dog3_description/share/dog3_description/package.xml
[0.601s] Invoked command in '/home/nagendra/robotdog_ws/build/dog3_description' returned '0': CMAKE_PREFIX_PATH=${CMAKE_PREFIX_PATH}:/opt/ros/jazzy DEBUGINFOD_URLS=https://debuginfod.ubuntu.com /usr/bin/cmake --install /home/nagendra/robotdog_ws/build/dog3_description
