-- Install configuration: ""
-- Up-to-date: /home/nagendra/robotdog_ws/install/dog3_description/share/dog3_description/urdf
-- Up-to-date: /home/nagendra/robotdog_ws/install/dog3_description/share/dog3_description/urdf/dog3.trans
-- Up-to-date: /home/nagendra/robotdog_ws/install/dog3_description/share/dog3_description/urdf/materials.xacro
-- Up-to-date: /home/nagendra/robotdog_ws/install/dog3_description/share/dog3_description/urdf/dog3.gazebo
-- Up-to-date: /home/nagendra/robotdog_ws/install/dog3_description/share/dog3_description/urdf/dog3.xacro
-- Up-to-date: /home/nagendra/robotdog_ws/install/dog3_description/share/dog3_description/meshes
-- Up-to-date: /home/nagendra/robotdog_ws/install/dog3_description/share/dog3_description/meshes/camera_1.stl
-- Up-to-date: /home/nagendra/robotdog_ws/install/dog3_description/share/dog3_description/meshes/rareleft_leg1_1.stl
-- Up-to-date: /home/nagendra/robotdog_ws/install/dog3_description/share/dog3_description/meshes/frontright_leg1_1.stl
-- Up-to-date: /home/nagendra/robotdog_ws/install/dog3_description/share/dog3_description/meshes/base_link.stl
-- Up-to-date: /home/nagendra/robotdog_ws/install/dog3_description/share/dog3_description/meshes/rareright_leg2_1.stl
-- Up-to-date: /home/nagendra/robotdog_ws/install/dog3_description/share/dog3_description/meshes/rareleft_leg2_1.stl
-- Up-to-date: /home/nagendra/robotdog_ws/install/dog3_description/share/dog3_description/meshes/frontleft_leg2_1.stl
-- Up-to-date: /home/nagendra/robotdog_ws/install/dog3_description/share/dog3_description/meshes/frontright_leg2_1.stl
-- Up-to-date: /home/nagendra/robotdog_ws/install/dog3_description/share/dog3_description/meshes/rareright_leg1_1.stl
-- Up-to-date: /home/nagendra/robotdog_ws/install/dog3_description/share/dog3_description/meshes/frontleft_leg1_1.stl
-- Up-to-date: /home/nagendra/robotdog_ws/install/dog3_description/share/dog3_description/launch
-- Up-to-date: /home/nagendra/robotdog_ws/install/dog3_description/share/dog3_description/launch/spawn_robot.launch.py
-- Up-to-date: /home/nagendra/robotdog_ws/install/dog3_description/share/dog3_description/launch/controller.launch
-- Up-to-date: /home/nagendra/robotdog_ws/install/dog3_description/share/dog3_description/launch/controller.yaml
-- Up-to-date: /home/nagendra/robotdog_ws/install/dog3_description/share/dog3_description/launch/urdf.rviz
-- Up-to-date: /home/nagendra/robotdog_ws/install/dog3_description/share/dog3_description/launch/gazebo.launch
-- Up-to-date: /home/nagendra/robotdog_ws/install/dog3_description/share/dog3_description/launch/display.launch
-- Up-to-date: /home/nagendra/robotdog_ws/install/dog3_description/share/dog3_description/config
-- Up-to-date: /home/nagendra/robotdog_ws/install/dog3_description/share/dog3_description/config/controllers.yaml
-- Up-to-date: /home/nagendra/robotdog_ws/install/dog3_description/share/ament_index/resource_index/package_run_dependencies/dog3_description
-- Up-to-date: /home/nagendra/robotdog_ws/install/dog3_description/share/ament_index/resource_index/parent_prefix_path/dog3_description
-- Up-to-date: /home/nagendra/robotdog_ws/install/dog3_description/share/dog3_description/environment/ament_prefix_path.sh
-- Up-to-date: /home/nagendra/robotdog_ws/install/dog3_description/share/dog3_description/environment/ament_prefix_path.dsv
-- Up-to-date: /home/nagendra/robotdog_ws/install/dog3_description/share/dog3_description/environment/path.sh
-- Up-to-date: /home/nagendra/robotdog_ws/install/dog3_description/share/dog3_description/environment/path.dsv
-- Up-to-date: /home/nagendra/robotdog_ws/install/dog3_description/share/dog3_description/local_setup.bash
-- Up-to-date: /home/nagendra/robotdog_ws/install/dog3_description/share/dog3_description/local_setup.sh
-- Up-to-date: /home/nagendra/robotdog_ws/install/dog3_description/share/dog3_description/local_setup.zsh
-- Up-to-date: /home/nagendra/robotdog_ws/install/dog3_description/share/dog3_description/local_setup.dsv
-- Installing: /home/nagendra/robotdog_ws/install/dog3_description/share/dog3_description/package.dsv
-- Up-to-date: /home/nagendra/robotdog_ws/install/dog3_description/share/ament_index/resource_index/packages/dog3_description
-- Up-to-date: /home/nagendra/robotdog_ws/install/dog3_description/share/dog3_description/cmake/dog3_descriptionConfig.cmake
-- Up-to-date: /home/nagendra/robotdog_ws/install/dog3_description/share/dog3_description/cmake/dog3_descriptionConfig-version.cmake
-- Up-to-date: /home/nagendra/robotdog_ws/install/dog3_description/share/dog3_description/package.xml
